c:\users\125ar\source\repos\sfml-game-3\sfml-game-3\release\vc143.pdb
c:\users\125ar\source\repos\sfml-game-3\sfml-game-3\release\vec2.obj
c:\users\125ar\source\repos\sfml-game-3\sfml-game-3\release\main.obj
c:\users\125ar\source\repos\sfml-game-3\sfml-game-3\release\entitymanager.obj
c:\users\125ar\source\repos\sfml-game-3\sfml-game-3\release\entity.obj
c:\users\125ar\source\repos\sfml-game-3\sfml-game-3\release\animation.obj
c:\users\125ar\source\repos\sfml-game-3\sfml-game-3\release\physics.obj
c:\users\125ar\source\repos\sfml-game-3\sfml-game-3\release\assests.obj
c:\users\125ar\source\repos\sfml-game-3\sfml-game-3\release\action.obj
c:\users\125ar\source\repos\sfml-game-3\sfml-game-3\release\scene.obj
c:\users\125ar\source\repos\sfml-game-3\sfml-game-3\release\scene_play.obj
c:\users\125ar\source\repos\sfml-game-3\sfml-game-3\release\scene_menu.obj
c:\users\125ar\source\repos\sfml-game-3\sfml-game-3\release\gameengine.obj
c:\users\125ar\source\repos\sfml-game-3\sfml-game-3\release\scene_edit.obj
c:\users\125ar\source\repos\sfml-game-3\release\sfml-game-3.exe
c:\users\125ar\source\repos\sfml-game-3\sfml-game-3\release\sfml-game-3.ipdb
c:\users\125ar\source\repos\sfml-game-3\sfml-game-3\release\sfml-game-3.iobj
c:\users\125ar\source\repos\sfml-game-3\release\sfml-game-3.pdb
c:\users\125ar\source\repos\sfml-game-3\sfml-game-3\release\sfml-game-3.tlog\cl.command.1.tlog
c:\users\125ar\source\repos\sfml-game-3\sfml-game-3\release\sfml-game-3.tlog\cl.read.1.tlog
c:\users\125ar\source\repos\sfml-game-3\sfml-game-3\release\sfml-game-3.tlog\cl.write.1.tlog
c:\users\125ar\source\repos\sfml-game-3\sfml-game-3\release\sfml-game-3.tlog\link.command.1.tlog
c:\users\125ar\source\repos\sfml-game-3\sfml-game-3\release\sfml-game-3.tlog\link.read.1.tlog
c:\users\125ar\source\repos\sfml-game-3\sfml-game-3\release\sfml-game-3.tlog\link.write.1.tlog
